<?xml version="1.0" encoding="UTF-8"?>
<testng-results ignored="0" total="4" passed="4" failed="0" skipped="0">
  <reporter-output>
  </reporter-output>
  <suite started-at="2025-01-12T00:32:09 IST" name="Default suite" finished-at="2025-01-12T00:32:49 IST" duration-ms="39940">
    <groups>
      <group name="cucumber">
        <method signature="AbstractTestNGCucumberTests.runScenario(io.cucumber.testng.PickleWrapper,io.cucumber.testng.FeatureWrapper)[pri:0, instance:com.udemy.spring.springselenium.CucumberRunner@7bab3f1a]" name="runScenario" class="io.cucumber.testng.AbstractTestNGCucumberTests"/>
      </group> <!-- cucumber -->
    </groups>
    <test started-at="2025-01-12T00:32:09 IST" name="Default test" finished-at="2025-01-12T00:32:49 IST" duration-ms="39940">
      <class name="com.udemy.spring.springselenium.CucumberRunner">
        <test-method is-config="true" signature="setUpClass(org.testng.ITestContext)[pri:0, instance:com.udemy.spring.springselenium.CucumberRunner@7bab3f1a]" started-at="2025-01-12T00:32:09 IST" name="setUpClass" finished-at="2025-01-12T00:32:10 IST" duration-ms="1256" status="PASS">
          <params>
            <param index="0">
              <value>
                <![CDATA[org.testng.TestRunner@63a5e46c]]>
              </value>
            </param>
          </params>
          <reporter-output>
          </reporter-output>
        </test-method> <!-- setUpClass -->
        <test-method signature="runScenario(io.cucumber.testng.PickleWrapper,io.cucumber.testng.FeatureWrapper)[pri:0, instance:com.udemy.spring.springselenium.CucumberRunner@7bab3f1a]" started-at="2025-01-12T00:32:10 IST" name="runScenario" description="Runs Cucumber Scenarios" data-provider="scenarios" finished-at="2025-01-12T00:32:47 IST" duration-ms="37012" status="PASS">
          <params>
            <param index="0">
              <value>
                <![CDATA["I should be able to submit visa form"]]>
              </value>
            </param>
            <param index="1">
              <value>
                <![CDATA["User visa registration feature"]]>
              </value>
            </param>
          </params>
          <reporter-output>
          </reporter-output>
        </test-method> <!-- runScenario -->
        <test-method signature="runScenario(io.cucumber.testng.PickleWrapper,io.cucumber.testng.FeatureWrapper)[pri:0, instance:com.udemy.spring.springselenium.CucumberRunner@7bab3f1a]" started-at="2025-01-12T00:32:10 IST" name="runScenario" description="Runs Cucumber Scenarios" data-provider="scenarios" finished-at="2025-01-12T00:32:49 IST" duration-ms="38542" status="PASS">
          <params>
            <param index="0">
              <value>
                <![CDATA["I should be able to submit visa form"]]>
              </value>
            </param>
            <param index="1">
              <value>
                <![CDATA["User visa registration feature"]]>
              </value>
            </param>
          </params>
          <reporter-output>
          </reporter-output>
        </test-method> <!-- runScenario -->
        <test-method signature="runScenario(io.cucumber.testng.PickleWrapper,io.cucumber.testng.FeatureWrapper)[pri:0, instance:com.udemy.spring.springselenium.CucumberRunner@7bab3f1a]" started-at="2025-01-12T00:32:10 IST" name="runScenario" description="Runs Cucumber Scenarios" data-provider="scenarios" finished-at="2025-01-12T00:32:47 IST" duration-ms="36914" status="PASS">
          <params>
            <param index="0">
              <value>
                <![CDATA["I should be able to submit visa form"]]>
              </value>
            </param>
            <param index="1">
              <value>
                <![CDATA["User visa registration feature"]]>
              </value>
            </param>
          </params>
          <reporter-output>
          </reporter-output>
        </test-method> <!-- runScenario -->
        <test-method signature="runScenario(io.cucumber.testng.PickleWrapper,io.cucumber.testng.FeatureWrapper)[pri:0, instance:com.udemy.spring.springselenium.CucumberRunner@7bab3f1a]" started-at="2025-01-12T00:32:10 IST" name="runScenario" description="Runs Cucumber Scenarios" data-provider="scenarios" finished-at="2025-01-12T00:32:49 IST" duration-ms="38335" status="PASS">
          <params>
            <param index="0">
              <value>
                <![CDATA["I should be able to submit visa form"]]>
              </value>
            </param>
            <param index="1">
              <value>
                <![CDATA["User visa registration feature"]]>
              </value>
            </param>
          </params>
          <reporter-output>
          </reporter-output>
        </test-method> <!-- runScenario -->
        <test-method is-config="true" signature="tearDownClass()[pri:0, instance:com.udemy.spring.springselenium.CucumberRunner@7bab3f1a]" started-at="2025-01-12T00:32:49 IST" name="tearDownClass" finished-at="2025-01-12T00:32:49 IST" duration-ms="50" status="PASS">
          <reporter-output>
          </reporter-output>
        </test-method> <!-- tearDownClass -->
      </class> <!-- com.udemy.spring.springselenium.CucumberRunner -->
    </test> <!-- Default test -->
  </suite> <!-- Default suite -->
</testng-results>
